<?xml version="1.0" encoding="UTF-8"?>
<!-- Generated by org.testng.reporters.JUnitReportReporter -->
<testsuite hostname="ATMECSINLT-1482" failures="0" tests="1" name="com.swag.Test.Swag_Labs_Suite" time="6.984" errors="0" timestamp="2023-02-07T18:14:13 IST" skipped="0">
  <testcase classname="com.swag.Test.Swag_Labs_Suite" name="TC_02_Verify_Standard_User" time="6.984"/>
  <system-out/>
</testsuite> <!-- com.swag.Test.Swag_Labs_Suite -->
