<?xml version="1.0" encoding="UTF-8"?>
<!-- Generated by org.testng.reporters.JUnitReportReporter -->
<testsuite hostname="ATMECSINLT-1482" failures="0" tests="1" name="com.swag.Test.Swag_Labs_Suite" time="131.951" errors="0" timestamp="2023-02-09T13:09:06 IST" skipped="0">
  <testcase classname="com.swag.Test.Swag_Labs_Suite" name="TC_02_Verify_Standard_User" time="131.951"/>
  <system-out/>
</testsuite> <!-- com.swag.Test.Swag_Labs_Suite -->
