<?xml version="1.0" encoding="UTF-8"?>
<!-- Generated by org.testng.reporters.JUnitReportReporter -->
<testsuite hostname="ATMECSINLT-1482" failures="0" tests="1" name="com.swag.Test.Verify_Problem_User" time="7.964" errors="0" timestamp="06 Feb 2023 11:00:12 GMT" skipped="0">
  <testcase classname="com.swag.Test.Verify_Problem_User" name="Verify_Standard_User" time="7.964"/>
</testsuite> <!-- com.swag.Test.Verify_Problem_User -->
