<?xml version="1.0" encoding="UTF-8"?>
<!-- Generated by org.testng.reporters.JUnitReportReporter -->
<testsuite hostname="ATMECSINLT-1482" failures="0" tests="3" name="com.swag.Test.Swag_Labs_Suite" time="13.770" errors="0" timestamp="06 Feb 2023 11:00:12 GMT" skipped="0">
  <testcase classname="com.swag.Test.Swag_Labs_Suite" name="Verify_Login_All_Users" time="7.317"/>
  <testcase classname="com.swag.Test.Swag_Labs_Suite" name="Verify_Standard_User" time="5.800"/>
  <testcase classname="com.swag.Test.Swag_Labs_Suite" name="Verify_Locked_User" time="0.653"/>
</testsuite> <!-- com.swag.Test.Swag_Labs_Suite -->
