<?xml version="1.0" encoding="UTF-8"?>
<!-- Generated by org.testng.reporters.JUnitReportReporter -->
<testsuite hostname="ATMECSINLT-1482" failures="0" tests="2" name="com.swag.Test.LoginPageTest" time="8.272" errors="0" timestamp="05 Feb 2023 20:29:22 GMT" skipped="0">
  <testcase classname="com.swag.Test.LoginPageTest" name="Verify_Locked_User" time="0.911"/>
  <testcase classname="com.swag.Test.LoginPageTest" name="Verify_Login_All_Users" time="7.361"/>
</testsuite> <!-- com.swag.Test.LoginPageTest -->
