<?xml version="1.0" encoding="UTF-8"?>
<!-- Generated by org.testng.reporters.JUnitReportReporter -->
<testsuite hostname="ATMECSINLT-1482" failures="0" tests="5" name="com.swag.Test.Swag_Labs_Suite" time="27.692" errors="0" timestamp="2023-02-09T11:08:41 IST" skipped="0">
  <testcase classname="com.swag.Test.Swag_Labs_Suite" name="TC_01_Verify_Login_All_Users" time="13.257"/>
  <system-out/>
  <testcase classname="com.swag.Test.Swag_Labs_Suite" name="TC_02_Verify_Standard_User" time="4.850"/>
  <system-out/>
  <testcase classname="com.swag.Test.Swag_Labs_Suite" name="TC_03_Verify_Locked_User" time="0.584"/>
  <system-out/>
  <testcase classname="com.swag.Test.Swag_Labs_Suite" name="TC_04_Validate_Problem_User" time="1.938"/>
  <system-out/>
  <testcase classname="com.swag.Test.Swag_Labs_Suite" name="TC_05_Validate_Performance_Glitch_User" time="7.063"/>
  <system-out/>
</testsuite> <!-- com.swag.Test.Swag_Labs_Suite -->
